************************************************
Start Scan
n_dark=      20
n_ref=     600
n_img=       1
n_angle=    1200
ref_count=    1200
img_bin=       1
img_xmin=       0
img_xmax=    5119
img_ymin=       0
img_ymax=    3839
exptime=      50
*** camera info *********************************************
Field of info ---------------------------
ccd_pixsize: 0.00640000
ccd_xsize: 5120
ccd_ysize: 3840
o_focus: 1.1746875
o_aperture: 1.0000000
o_lens_changer: 1.9500000
o_ccd_high: 45.000146
magn: 4.9986805
MTF scanname: mtf00020
resulting FOV:        6.5553297 x        4.9164973
eff_pix: 0.0012803378
get_res_um: 3.8015060

*** apperture info *********************************************
pos_s_pos_x=     -0.042692000
pos_s_pos_y=       0.39731500
line 289
pos_s_stage_z=       -37.119433
s_in_pos=       1.98682
s_out_dist=       30.0000
o_ccd_dist=        70.000500
*** DMM info *********************************************
*******************************
DMM Info
*******************************
1.   ML rot:      0.31717460
1.  ML roll:    -0.090000316
1.     ML x:       25.000000
1.     ML z:      0.60000000

2. ML   rot:      0.29817914
2.     ML x:       45.000000
2.     ML y:       2397.0207
2.     ML z:       23.100000
*******************************
Undulator Info
*******************************
gap:      9.91400
gap offset:    0.0200000
harmonic:          11
DMM energy:       40000.012
undulator energy:       39991.363
undulator state: ON
*** DMM info *********************************************
*******************************
DCM Info
*******************************
Energy:       45341.607
Bragg-angle:       2.4991360
roll x1:       0.0000000
roll x2:     0.025000000
pitch:    -0.025914761
perp:       23.351250
para:       100.00025
*******************************
jack1:     -0.16000000
jack2:     -0.16000000
jack3:     -0.16000000
*******************************
Undulator Info
*******************************
gap:      9.91400
gap offset:    0.0200000
harmonic:          11
undulator energy:       39991.363
undulator state: ON
*** END of LOG *********************************************
