scan_name : scan01
beamtime_id : 11006764
scan_path : /asap3/petra3/gpfs/p05/2019/data/11006764/raw/0003_5075/
reco_path : /asap3/petra3/gpfs/p05/2019/data/11006764/processed/0003_5075/reco_phase/tie_regPar-1p00/
MATLAB notation, index of first element: 1, range: first:stride:last
MATLAB version : 9.4.0.813654 (R2018a)
Git commit ID : de53c2219a2f075595919e61be61d682c3a32a91
platform : GLNXA64
effective_pixel_size : 0.3047 micron
effective_pixel_size_binned : 0.6094 micron
energy : 45323.3 eV
sample_detector_distance : 0.400000 m
camera : KIT
exposure_time : 1000.000000
num_dark_found : 10
num_ref_found : 280
num_ref_used : 280
ref_range : 1:1:280
num_proj_found : 3601
num_proj_used : 3601
proj_range : 1:1:3601
im_shape_raw : 5120 3840
raw_roi :
im_shape_roi : 5120 3840
im_shape_binned : 2560 1920
im_shape_cropbin1 : 2461 raw_binning_factor : 2
ring_current_normalization : 0
image_correlation.method : ssim-ml
image_correlation.num_flats : 3
image_correlation.area_width : 1:99:100
image_correlation.area_height : 3.000000e-01:4.000000e-01:7.000000e-01
min_max_of_all_darks :     37    147
min_max_of_median_dark :     44    134
min_max_of_all_flats : 861.75 3618.5
min_max_of_all_corrected_flats : 861.75 3618.5
min_max_of_all_raws :  648.75 3464.75
min_max_of_all_corrected_raws :  648.75 3464.75
min_max_of_all_flat_corr_projs : 0.521785 1.19542
strong_abs_thresh : 1.000000 m
phase_retrieval.apply : 1
phase_retrieval.padding : 1
phase_retrieval.method : tie
phase_retrieval.regularisation_parameter : 1.600000
phase_retrieval.binary_filter_threshold : 0.100000
phase_retrieval.cutoff_frequency : 2.000000 pi
phase_retrieval.post_binning_factor : 1
tomo.vol_shape : 2463 2463 1920
tomo.vol_size : -1231.500000 1231.500000 -1231.500000 1231.500000 -960.000000 960.000000
crop_at_rot_axis : 0
par.stitch_projections : 0
par.stitch_method : sine
tomo.reco_mode : 3D
tomo.rot_angle.full_range : 0.999722 * pi rad
tomo.rot_angle.offset : 1.000000 * pi rad
rot_axis_offset_reco : 1.000000
tomo.rot_axis.position : 1231.500000
tomo.rot_axis.tilt : 0.000000
raw_image_binned_center : 1230.500000
interactive_mode.rot_axis_pos : 1
interactive_mode.phase_retrieval : 1
ring_filter.apply : 0
tomo.algorithm : fbp
tomo.fbp_filter.type : Ram-Lak
tomo.fbp_filter.freq_cutoff : 1.000000
tomo.fbp_filter.padding : 1
tomo.fbp_filter.padding_method : symmetric
tomo.butterworth_filter.apply : 0
tomo.butterworth_filter.order : 1
tomo.butterworth_filter.frequ_cutoff : 0.900000
tomo.astra_pixel_size : 1.000000
tomo.take_neg_log : 0
gpu_name : Tesla V100-SXM2-32GB
gpu_name : Tesla V100-SXM2-32GB
gpu_name : Tesla V100-SXM2-32GB
gpu_name : Tesla V100-SXM2-32GB
gpu_name : Tesla V100-SXM2-32GB
gpu_name : Tesla V100-SXM2-32GB
[volume_min volume_max] : [-4.37854e-05 7.01754e-05]
write.float : 1
write.float_binned : 0
write.uint16 : 0
write.uint16_binned : 0
write.uint8 : 0
write.uint8_binned : 0
compression.limits : 0.000000 1.000000
reco_bin : 2
full_reconstruction_time : 4258.7 s
date_of_reconstruction : 12-Nov-2019 19:40:05
tomo.rot_axis.offset at 2 x binning : 1.000000